[04:06:20] [ServerMain/INFO]: [bootstrap] Running Java 21 (OpenJDK 64-Bit Server VM 21.0.8+9-Ubuntu-0ubuntu124.04.1; Ubuntu null) on Linux 6.8.0-1030-azure (amd64)
[04:06:20] [ServerMain/INFO]: [bootstrap] Loading Paper 1.21.8-6-main@782ce95 (2025-07-18T20:26:58Z) for Minecraft 1.21.8
[04:06:20] [ServerMain/INFO]: [PluginInitializerManager] Initializing plugins...
[04:06:21] [ServerMain/INFO]: [PluginInitializerManager] Initialized 7 plugins
[04:06:21] [ServerMain/INFO]: [PluginInitializerManager] Bukkit plugins (7):
 - DHSupport (0.10.0), Geyser-Spigot (2.8.2-SNAPSHOT), SkinsRestorer (15.7.7), SmoothTimber (1.27.5), ViaBackwards (5.4.2), ViaVersion (5.4.2), floodgate (2.2.4-SNAPSHOT (b118-40d320a))
[04:06:29] [ServerMain/INFO]: Environment: Environment[sessionHost=https://sessionserver.mojang.com, servicesHost=https://api.minecraftservices.com, name=PROD]
[04:06:29] [ServerMain/INFO]: Found new data pack paper, loading it automatically
[04:06:32] [ServerMain/INFO]: Loaded 1407 recipes
[04:06:32] [ServerMain/INFO]: Loaded 1520 advancements
[04:06:32] [ServerMain/INFO]: [ca.spottedleaf.dataconverter.minecraft.datatypes.MCTypeRegistry] Initialising converters for DataConverter...
[04:06:33] [ServerMain/INFO]: [ca.spottedleaf.dataconverter.minecraft.datatypes.MCTypeRegistry] Finished initialising converters for DataConverter in 775.5ms
[04:06:33] [Server thread/INFO]: Starting minecraft server version 1.21.8
[04:06:33] [Server thread/INFO]: Loading properties
[04:06:33] [Server thread/INFO]: This server is running Paper version 1.21.8-6-main@782ce95 (2025-07-18T20:26:58Z) (Implementing API version 1.21.8-R0.1-SNAPSHOT)
[04:06:33] [Server thread/INFO]: [spark] This server bundles the spark profiler. For more information please visit https://docs.papermc.io/paper/profiling
[04:06:33] [Server thread/INFO]: Server Ping Player Sample Count: 12
[04:06:33] [Server thread/INFO]: Using 4 threads for Netty based IO
[04:06:35] [Server thread/INFO]: [MoonriseCommon] Paper is using 1 worker threads, 1 I/O threads
[04:06:35] [Server thread/INFO]: [ChunkTaskScheduler] Chunk system is using population gen parallelism: true
[04:06:36] [Server thread/INFO]: Default game type: SURVIVAL
[04:06:36] [Server thread/INFO]: Generating keypair
[04:06:36] [Server thread/INFO]: Starting Minecraft server on *:25565
[04:06:36] [Server thread/INFO]: Using epoll channel type
[04:06:36] [Server thread/INFO]: Paper: Using libdeflate (Linux x86_64) compression from Velocity.
[04:06:36] [Server thread/INFO]: Paper: Using OpenSSL 3.x.x (Linux x86_64) cipher from Velocity.
[04:06:38] [Server thread/INFO]: [ViaVersion] Loading server plugin ViaVersion v5.4.2
[04:06:38] [Server thread/INFO]: [ViaVersion] ViaVersion 5.4.2 is now loaded. Registering protocol transformers and injecting...
[04:06:38] [Via-Mappingloader-0/INFO]: [ViaVersion] Loading block connection mappings ...
[04:06:39] [Via-Mappingloader-0/INFO]: [ViaVersion] Using FastUtil Long2ObjectOpenHashMap for block connections
[04:06:39] [Server thread/INFO]: [ViaBackwards] Loading translations...
[04:06:39] [Server thread/INFO]: [ViaBackwards] Registering protocols...
[04:06:40] [Server thread/INFO]: [floodgate] Loading server plugin floodgate v2.2.4-SNAPSHOT (b118-40d320a)
[04:06:41] [Server thread/WARN]: [floodgate] en_ is not a supported Floodgate language.
[04:06:41] [Server thread/INFO]: [floodgate] Took 1,207ms to boot Floodgate
[04:06:41] [Server thread/INFO]: [ViaBackwards] Loading server plugin ViaBackwards v5.4.2
[04:06:41] [Server thread/INFO]: [SmoothTimber] Loading server plugin SmoothTimber v1.27.5
[04:06:41] [Server thread/INFO]: [Geyser-Spigot] Loading server plugin Geyser-Spigot v2.8.2-SNAPSHOT
[04:06:43] [Server thread/INFO]: [Geyser-Spigot] Loading extensions...
[04:06:43] [Server thread/INFO]: [Geyser-Spigot] Loaded 0 extension(s)
[04:06:43] [Server thread/INFO]: [DHS] Loading server plugin DHSupport v0.10.0
[04:06:43] [Server thread/INFO]: [SkinsRestorer] Loading server plugin SkinsRestorer v15.7.7
[04:06:43] [Server thread/INFO]: Server permissions file permissions.yml is empty, ignoring it
[04:06:43] [Server thread/INFO]: [SkinsRestorer] Enabling SkinsRestorer v15.7.7
[04:06:44] [Server thread/ERROR]: [SkinsRestorer] Your Minecraft version (1.21.8) is not supported by this version of SkinsRestorer! Is there a newer version available? https://modrinth.com/plugin/skinsrestorer If not, join our Discord server!
[04:06:44] [Server thread/INFO]: [SkinsRestorer] Running on Minecraft 1.21.8.
[04:06:44] [Server thread/INFO]: [SkinsRestorer] Floodgate skin listener registered
[04:06:44] [Server thread/INFO]: [SkinsRestorer] Using paper join listener!
[04:06:44] [Server thread/WARN]: **** SERVER IS RUNNING IN OFFLINE/INSECURE MODE!
[04:06:44] [Server thread/WARN]: The server will make no attempt to authenticate usernames. Beware.
[04:06:44] [Server thread/WARN]: While this makes the game possible to play without internet access, it also opens up the ability for hackers to connect with any username they choose.
[04:06:44] [Server thread/WARN]: To change this, set "online-mode" to "true" in the server.properties file.
[04:06:44] [Server thread/INFO]: Preparing level "world"
[04:06:45] [Folia Async Scheduler Thread #1/INFO]: [SkinsRestorer] ----------------------------------------------
[04:06:45] [Folia Async Scheduler Thread #1/INFO]: [SkinsRestorer]     +==================+
[04:06:45] [Folia Async Scheduler Thread #1/INFO]: [SkinsRestorer]     |   SkinsRestorer  |
[04:06:45] [Folia Async Scheduler Thread #1/INFO]: [SkinsRestorer]     |------------------|
[04:06:45] [Folia Async Scheduler Thread #1/INFO]: [SkinsRestorer]     |  Standalone Mode |
[04:06:45] [Folia Async Scheduler Thread #1/INFO]: [SkinsRestorer]     +==================+
[04:06:45] [Folia Async Scheduler Thread #1/INFO]: [SkinsRestorer] ----------------------------------------------
[04:06:45] [Folia Async Scheduler Thread #1/INFO]: [SkinsRestorer]     Version: 15.7.7
[04:06:45] [Folia Async Scheduler Thread #1/INFO]: [SkinsRestorer]     Commit: 7eff058
[04:06:45] [Folia Async Scheduler Thread #1/INFO]: [SkinsRestorer]     This is the latest version!
[04:06:45] [Folia Async Scheduler Thread #1/INFO]: [SkinsRestorer] ----------------------------------------------
[04:06:45] [Folia Async Scheduler Thread #1/INFO]: [SkinsRestorer] Do you have issues? Read our troubleshooting guide: https://skinsrestorer.net/docs/troubleshooting
[04:06:45] [Folia Async Scheduler Thread #1/INFO]: [SkinsRestorer] Want to support SkinsRestorer? Consider donating: https://skinsrestorer.net/donate
[04:06:45] [Server thread/INFO]: Preparing start region for dimension minecraft:overworld
[04:06:46] [Server thread/INFO]: Preparing spawn area: 0%
[04:06:46] [Server thread/INFO]: Preparing spawn area: 0%
[04:06:46] [Server thread/INFO]: Preparing spawn area: 2%
[04:06:48] [Server thread/INFO]: Preparing spawn area: 18%
[04:06:48] [Server thread/INFO]: Preparing spawn area: 18%
[04:06:48] [Server thread/INFO]: Preparing spawn area: 18%
[04:06:48] [Server thread/INFO]: Time elapsed: 2925 ms
[04:06:48] [Server thread/INFO]: Preparing start region for dimension minecraft:the_nether
[04:06:48] [Server thread/INFO]: Preparing spawn area: 0%
[04:06:49] [Server thread/INFO]: Preparing spawn area: 38%
[04:06:49] [Server thread/INFO]: Time elapsed: 638 ms
[04:06:49] [Server thread/INFO]: Preparing start region for dimension minecraft:the_end
[04:06:49] [Server thread/INFO]: Preparing spawn area: 0%
[04:06:49] [Server thread/INFO]: Time elapsed: 304 ms
[04:06:49] [Server thread/INFO]: [ViaVersion] Enabling ViaVersion v5.4.2
[04:06:49] [Server thread/INFO]: [ViaVersion] ViaVersion detected server version: 1.21.7-1.21.8 (772)
[04:06:49] [Server thread/INFO]: [floodgate] Enabling floodgate v2.2.4-SNAPSHOT (b118-40d320a)
[04:06:50] [Server thread/INFO]: [ViaBackwards] Enabling ViaBackwards v5.4.2
[04:06:50] [Server thread/INFO]: [SmoothTimber] Enabling SmoothTimber v1.27.5
[04:06:50] [Server thread/INFO]: SmoothTimber || You're currently using the untested Minecraft Version 1.21.8 (Core v1_21x)
[04:06:50] [Server thread/INFO]: SmoothTimber || Please note that this core only officially supports 1.21.3, 1.21.4, 1.21.5, so problems may occur.
[04:06:50] [Server thread/INFO]: [Geyser-Spigot] Enabling Geyser-Spigot v2.8.2-SNAPSHOT
[04:06:51] [Server thread/INFO]: [DHS] Enabling DHSupport v0.10.0
[04:06:51] [Server thread/INFO]: [DHS] I am DHS 0.10.0 for MC 1.21.7.
[04:06:51] [Server thread/INFO]: [DHS] Using Paper scheduler.
[04:06:51] [Server thread/WARN]: [DHS] Chunk generation is enabled. New chunks will be generated as needed to complete LOD generation. This could significantly increase the size of your world.
[04:06:51] [Server thread/WARN]: [DHS] If you understand what this means and would like to disable this warning, set generate_new_chunks_warning to false in your config.
[04:06:51] [Server thread/INFO]: [DHS] Ready!
[04:06:52] [Server thread/INFO]: [spark] Starting background profiler...
[04:06:53] [Server thread/INFO]: [Geyser-Spigot] ******************************************
[04:06:53] [Server thread/INFO]: [Geyser-Spigot] 
[04:06:53] [Server thread/INFO]: [Geyser-Spigot] Loading Geyser version 2.8.2-b888 (git-master-7a15450)
[04:06:53] [Server thread/INFO]: [Geyser-Spigot] 
[04:06:53] [Server thread/INFO]: [Geyser-Spigot] ******************************************
[04:07:02] [epollEventLoopGroup-3-1/INFO]: [Geyser-Spigot] Started Geyser on UDP port 4446
[04:07:02] [Server thread/INFO]: [Geyser-Spigot] Done (9.324s)! Run /geyser help for help!
[04:07:03] [Server thread/INFO]: Done preparing level "world" (18.009s)
[04:07:03] [Server thread/INFO]: Running delayed init tasks
[04:07:03] [Craft Scheduler Thread - 2 - ViaVersion/INFO]: [ViaVersion] Finished mapping loading, shutting down loader executor.
[04:07:03] [Server thread/INFO]: Done (44.043s)! For help, type "help"
[04:08:02] [Server thread/INFO]: Server empty for 60 seconds, pausing
[04:09:05] [epollEventLoopGroup-4-1/INFO]: [Geyser-Spigot] Player connected with username ZZRoyers
[04:09:05] [localSession-7-2/INFO]: [Geyser-Spigot] ZZRoyers (logged in as: ZZRoyers) has connected to the Java server
[04:09:06] [Server thread/INFO]: [HorriblePlayerLoginEventHack] You have plugins listening to the PlayerLoginEvent, this will cause re-configuration APIs to be unavailable: [SkinsRestorer]
[04:09:07] [Server thread/INFO]: [floodgate] Floodgate player logged in as .ZZRoyers joined (UUID: 00000000-0000-0000-0009-01f74c13fc16)
[04:09:07] [Server thread/INFO]: .ZZRoyers joined the game
[04:09:07] [Server thread/INFO]: .ZZRoyers[/127.5.31.203:0] logged in with entity id 42 at ([world]112.091774, 62.9375, 582.30001)
[04:09:10] [Server thread/WARN]: Can't keep up! Is the server overloaded? Running 2637ms or 52 ticks behind
[04:09:32] [Server thread/WARN]: Can't keep up! Is the server overloaded? Running 6580ms or 131 ticks behind
[04:09:40] [User Authenticator #0/INFO]: UUID of player DylanTag24 is bd13f4d4-57b4-33f9-8a4a-d7b962eacb62
[04:09:41] [Server thread/INFO]: DylanTag24 joined the game
[04:09:41] [Server thread/INFO]: DylanTag24[/127.5.31.203:59649] logged in with entity id 390 at ([world]139.1738048905833, 63.0, 571.9897486397557)
[04:09:58] [Server thread/INFO]: DylanTag24 lost connection: Disconnected
[04:09:59] [Server thread/INFO]: DylanTag24 left the game
[04:10:04] [epollEventLoopGroup-4-1/INFO]: [Geyser-Spigot] ZZRoyers has disconnected from the Java server because of Bedrock client disconnected
[04:10:04] [Geyser Spigot connection thread-6-3/INFO]: [floodgate] Floodgate player logged in as .ZZRoyers disconnected
[04:10:04] [Server thread/INFO]: .ZZRoyers lost connection: Disconnected
[04:10:04] [Server thread/INFO]: .ZZRoyers left the game
